\BOOKMARK [0][-]{chapter*.2}{\376\377\000A\000b\000s\000t\000r\000a\000c\000t}{}% 1
\BOOKMARK [0][-]{chapter*.3}{\376\377\000S\000o\000m\000m\000a\000r\000i\000o}{}% 2
\BOOKMARK [0][-]{chapter.1}{\376\377\000I\000n\000t\000r\000o\000d\000u\000c\000t\000i\000o\000n}{}% 3
\BOOKMARK [1][-]{section.1.1}{\376\377\000M\000o\000t\000i\000v\000a\000t\000i\000o\000n\000\040\000a\000n\000d\000\040\000C\000o\000n\000t\000e\000x\000t}{chapter.1}% 4
\BOOKMARK [2][-]{subsection.1.1.1}{\376\377\000T\000h\000e\000\040\000A\000c\000c\000e\000s\000s\000i\000b\000i\000l\000i\000t\000y\000\040\000G\000a\000p}{section.1.1}% 5
\BOOKMARK [2][-]{subsection.1.1.2}{\376\377\000D\000e\000s\000i\000g\000n\000\040\000A\000u\000t\000o\000m\000a\000t\000i\000o\000n\000\040\000a\000n\000d\000\040\000R\000e\000t\000r\000i\000e\000v\000a\000l}{section.1.1}% 6
\BOOKMARK [1][-]{section.1.2}{\376\377\000P\000r\000o\000b\000l\000e\000m\000\040\000S\000t\000a\000t\000e\000m\000e\000n\000t\000:\000\040\000T\000h\000e\000\040\000T\000o\000k\000e\000n\000i\000z\000a\000t\000i\000o\000n\000\040\000B\000o\000t\000t\000l\000e\000n\000e\000c\000k}{chapter.1}% 7
\BOOKMARK [1][-]{section.1.3}{\376\377\000R\000e\000s\000e\000a\000r\000c\000h\000\040\000O\000b\000j\000e\000c\000t\000i\000v\000e\000s}{chapter.1}% 8
\BOOKMARK [1][-]{section.1.4}{\376\377\000O\000r\000i\000g\000i\000n\000a\000l\000\040\000C\000o\000n\000t\000r\000i\000b\000u\000t\000i\000o\000n\000s}{chapter.1}% 9
\BOOKMARK [1][-]{section.1.5}{\376\377\000O\000v\000e\000r\000v\000i\000e\000w\000\040\000o\000f\000\040\000M\000e\000t\000h\000o\000d\000o\000l\000o\000g\000y\000\040\000a\000n\000d\000\040\000R\000e\000s\000u\000l\000t\000s}{chapter.1}% 10
\BOOKMARK [1][-]{section.1.6}{\376\377\000T\000h\000e\000s\000i\000s\000\040\000S\000t\000r\000u\000c\000t\000u\000r\000e}{chapter.1}% 11
\BOOKMARK [0][-]{chapter.2}{\376\377\000S\000t\000a\000t\000e\000\040\000o\000f\000\040\000t\000h\000e\000\040\000A\000r\000t}{}% 12
\BOOKMARK [1][-]{section.2.1}{\376\377\000T\000h\000e\000o\000r\000e\000t\000i\000c\000a\000l\000\040\000F\000o\000u\000n\000d\000a\000t\000i\000o\000n\000s}{chapter.2}% 13
\BOOKMARK [2][-]{subsection.2.1.1}{\376\377\000T\000h\000e\000\040\000T\000r\000a\000n\000s\000f\000o\000r\000m\000e\000r\000\040\000A\000r\000c\000h\000i\000t\000e\000c\000t\000u\000r\000e}{section.2.1}% 14
\BOOKMARK [2][-]{subsection.2.1.2}{\376\377\000P\000o\000s\000i\000t\000i\000o\000n\000a\000l\000\040\000E\000n\000c\000o\000d\000i\000n\000g\000s\000\040\000i\000n\000\040\000N\000L\000P}{section.2.1}% 15
\BOOKMARK [2][-]{subsection.2.1.3}{\376\377\000V\000i\000s\000i\000o\000n\000\040\000T\000r\000a\000n\000s\000f\000o\000r\000m\000e\000r\000s\000\040\000\050\000V\000i\000T\000\051}{section.2.1}% 16
\BOOKMARK [1][-]{section.2.2}{\376\377\000V\000i\000s\000i\000o\000n\000-\000L\000a\000n\000g\000u\000a\000g\000e\000\040\000M\000o\000d\000e\000l\000s\000\040\000\050\000V\000L\000M\000s\000\051}{chapter.2}% 17
\BOOKMARK [2][-]{subsection.2.2.1}{\376\377\000C\000o\000n\000t\000r\000a\000s\000t\000i\000v\000e\000\040\000L\000e\000a\000r\000n\000i\000n\000g\000\040\000\050\000C\000L\000I\000P\000\051}{section.2.2}% 18
\BOOKMARK [2][-]{subsection.2.2.2}{\376\377\000G\000e\000n\000e\000r\000a\000t\000i\000v\000e\000\040\000V\000L\000M\000s\000\040\000\050\000B\000L\000I\000P\000,\000\040\000L\000L\000a\000V\000A\000\051}{section.2.2}% 19
\BOOKMARK [1][-]{section.2.3}{\376\377\000V\000e\000c\000t\000o\000r\000\040\000G\000r\000a\000p\000h\000i\000c\000s\000\040\000U\000n\000d\000e\000r\000s\000t\000a\000n\000d\000i\000n\000g}{chapter.2}% 20
\BOOKMARK [2][-]{subsection.2.3.1}{\376\377\000R\000a\000s\000t\000e\000r\000-\000b\000a\000s\000e\000d\000\040\000A\000p\000p\000r\000o\000a\000c\000h\000e\000s}{section.2.3}% 21
\BOOKMARK [2][-]{subsection.2.3.2}{\376\377\000G\000e\000n\000e\000r\000a\000t\000i\000v\000e\000\040\000V\000e\000c\000t\000o\000r\000\040\000M\000o\000d\000e\000l\000s}{section.2.3}% 22
\BOOKMARK [2][-]{subsection.2.3.3}{\376\377\000T\000h\000e\000\040\000T\000o\000k\000e\000n\000i\000z\000a\000t\000i\000o\000n\000\040\000B\000o\000t\000t\000l\000e\000n\000e\000c\000k}{section.2.3}% 23
\BOOKMARK [1][-]{section.2.4}{\376\377\000P\000a\000r\000a\000m\000e\000t\000e\000r\000-\000E\000f\000f\000i\000c\000i\000e\000n\000t\000\040\000F\000i\000n\000e\000-\000T\000u\000n\000i\000n\000g\000\040\000\050\000P\000E\000F\000T\000\051}{chapter.2}% 24
\BOOKMARK [2][-]{subsection.2.4.1}{\376\377\000A\000d\000a\000p\000t\000e\000r\000s\000\040\000a\000n\000d\000\040\000P\000r\000e\000f\000i\000x\000\040\000T\000u\000n\000i\000n\000g}{section.2.4}% 25
\BOOKMARK [2][-]{subsection.2.4.2}{\376\377\000L\000o\000w\000-\000R\000a\000n\000k\000\040\000A\000d\000a\000p\000t\000a\000t\000i\000o\000n\000\040\000\050\000L\000o\000R\000A\000\051}{section.2.4}% 26
\BOOKMARK [0][-]{chapter.3}{\376\377\000M\000e\000t\000h\000o\000d\000o\000l\000o\000g\000y}{}% 27
\BOOKMARK [1][-]{section.3.1}{\376\377\000D\000e\000s\000i\000g\000n\000\040\000P\000h\000i\000l\000o\000s\000o\000p\000h\000y\000:\000\040\000G\000e\000o\000m\000e\000t\000r\000y\000\040\000a\000s\000\040\000L\000a\000n\000g\000u\000a\000g\000e}{chapter.3}% 28
\BOOKMARK [1][-]{section.3.2}{\376\377\000T\000h\000e\000\040\000C\000h\000a\000l\000l\000e\000n\000g\000e\000\040\000o\000f\000\040\000C\000o\000n\000t\000i\000n\000u\000o\000u\000s\000\040\000C\000o\000o\000r\000d\000i\000n\000a\000t\000e\000s}{chapter.3}% 29
\BOOKMARK [1][-]{section.3.3}{\376\377\000P\000r\000o\000p\000o\000s\000e\000d\000\040\000S\000o\000l\000u\000t\000i\000o\000n\000:\000\040\000S\000p\000a\000t\000i\000a\000l\000\040\000P\000o\000s\000i\000t\000i\000o\000n\000\040\000E\000n\000c\000o\000d\000e\000r\000\040\000\050\000S\000P\000E\000\051}{chapter.3}% 30
\BOOKMARK [2][-]{subsection.3.3.1}{\376\377\000M\000a\000t\000h\000e\000m\000a\000t\000i\000c\000a\000l\000\040\000F\000o\000r\000m\000u\000l\000a\000t\000i\000o\000n}{section.3.3}% 31
\BOOKMARK [2][-]{subsection.3.3.2}{\376\377\000W\000h\000y\000\040\000F\000o\000u\000r\000i\000e\000r\000\040\000F\000e\000a\000t\000u\000r\000e\000s\000?}{section.3.3}% 32
\BOOKMARK [1][-]{section.3.4}{\376\377\000E\000m\000b\000e\000d\000d\000i\000n\000g\000\040\000S\000p\000a\000c\000e\000\040\000D\000e\000s\000i\000g\000n}{chapter.3}% 33
\BOOKMARK [2][-]{subsection.3.4.1}{\376\377\000A\000l\000i\000g\000n\000m\000e\000n\000t\000\040\000a\000n\000d\000\040\000N\000o\000r\000m\000a\000l\000i\000z\000a\000t\000i\000o\000n}{section.3.4}% 34
\BOOKMARK [1][-]{section.3.5}{\376\377\000F\000i\000n\000e\000-\000T\000u\000n\000i\000n\000g\000\040\000S\000t\000r\000a\000t\000e\000g\000y\000:\000\040\000L\000o\000R\000A}{chapter.3}% 35
\BOOKMARK [2][-]{subsection.3.5.1}{\376\377\000L\000o\000w\000-\000R\000a\000n\000k\000\040\000A\000d\000a\000p\000t\000a\000t\000i\000o\000n\000\040\000\050\000L\000o\000R\000A\000\051}{section.3.5}% 36
\BOOKMARK [2][-]{subsection.3.5.2}{\376\377\000H\000y\000p\000e\000r\000p\000a\000r\000a\000m\000e\000t\000e\000r\000s}{section.3.5}% 37
\BOOKMARK [1][-]{section.3.6}{\376\377\000C\000o\000n\000t\000e\000x\000t\000\040\000W\000i\000n\000d\000o\000w\000\040\000O\000p\000t\000i\000m\000i\000z\000a\000t\000i\000o\000n}{chapter.3}% 38
\BOOKMARK [0][-]{chapter.4}{\376\377\000I\000m\000p\000l\000e\000m\000e\000n\000t\000a\000t\000i\000o\000n}{}% 39
\BOOKMARK [1][-]{section.4.1}{\376\377\000S\000y\000s\000t\000e\000m\000\040\000A\000r\000c\000h\000i\000t\000e\000c\000t\000u\000r\000e}{chapter.4}% 40
\BOOKMARK [2][-]{subsection.4.1.1}{\376\377\000S\000V\000G\000\040\000P\000r\000e\000p\000r\000o\000c\000e\000s\000s\000i\000n\000g\000\040\000M\000o\000d\000u\000l\000e}{section.4.1}% 41
\BOOKMARK [2][-]{subsection.4.1.2}{\376\377\000S\000p\000a\000t\000i\000a\000l\000\040\000P\000o\000s\000i\000t\000i\000o\000n\000\040\000E\000n\000c\000o\000d\000e\000r\000\040\000\050\000S\000P\000E\000\051\000\040\000M\000o\000d\000u\000l\000e}{section.4.1}% 42
\BOOKMARK [2][-]{subsection.4.1.3}{\376\377\000L\000L\000M\000\040\000A\000d\000a\000p\000t\000e\000r\000\040\000a\000n\000d\000\040\000C\000h\000e\000c\000k\000p\000o\000i\000n\000t\000s}{section.4.1}% 43
\BOOKMARK [1][-]{section.4.2}{\376\377\000T\000r\000a\000i\000n\000i\000n\000g\000\040\000W\000o\000r\000k\000f\000l\000o\000w}{chapter.4}% 44
\BOOKMARK [1][-]{section.4.3}{\376\377\000E\000m\000b\000e\000d\000d\000i\000n\000g\000\040\000S\000p\000a\000c\000e\000\040\000C\000o\000n\000s\000t\000r\000u\000c\000t\000i\000o\000n}{chapter.4}% 45
\BOOKMARK [1][-]{section.4.4}{\376\377\000O\000u\000r\000\040\000C\000o\000n\000t\000r\000i\000b\000u\000t\000i\000o\000n}{chapter.4}% 46
\BOOKMARK [0][-]{chapter.5}{\376\377\000E\000x\000p\000e\000r\000i\000m\000e\000n\000t\000a\000l\000\040\000E\000v\000a\000l\000u\000a\000t\000i\000o\000n}{}% 47
\BOOKMARK [1][-]{section.5.1}{\376\377\000E\000x\000p\000e\000r\000i\000m\000e\000n\000t\000a\000l\000\040\000S\000e\000t\000u\000p}{chapter.5}% 48
\BOOKMARK [2][-]{subsection.5.1.1}{\376\377\000D\000a\000t\000a\000s\000e\000t\000\040\000a\000n\000d\000\040\000P\000r\000o\000t\000o\000c\000o\000l}{section.5.1}% 49
\BOOKMARK [2][-]{subsection.5.1.2}{\376\377\000M\000e\000t\000r\000i\000c\000s}{section.5.1}% 50
\BOOKMARK [1][-]{section.5.2}{\376\377\000Q\000u\000a\000n\000t\000i\000t\000a\000t\000i\000v\000e\000\040\000R\000e\000s\000u\000l\000t\000s}{chapter.5}% 51
\BOOKMARK [2][-]{subsection.5.2.1}{\376\377\000A\000n\000a\000l\000y\000s\000i\000s\000\040\000o\000f\000\040\000R\000e\000s\000u\000l\000t\000s}{section.5.2}% 52
\BOOKMARK [2][-]{subsection.5.2.2}{\376\377\000Z\000e\000r\000o\000-\000S\000h\000o\000t\000\040\000V\000e\000c\000t\000o\000r\000\040\000P\000e\000r\000f\000o\000r\000m\000a\000n\000c\000e}{section.5.2}% 53
\BOOKMARK [1][-]{section.5.3}{\376\377\000Q\000u\000a\000l\000i\000t\000a\000t\000i\000v\000e\000\040\000A\000n\000a\000l\000y\000s\000i\000s}{chapter.5}% 54
\BOOKMARK [0][-]{chapter.6}{\376\377\000C\000o\000n\000c\000l\000u\000s\000i\000o\000n\000s\000\040\000a\000n\000d\000\040\000F\000u\000t\000u\000r\000e\000\040\000W\000o\000r\000k}{}% 55
\BOOKMARK [1][-]{section.6.1}{\376\377\000S\000u\000m\000m\000a\000r\000y\000\040\000o\000f\000\040\000C\000o\000n\000t\000r\000i\000b\000u\000t\000i\000o\000n\000s}{chapter.6}% 56
\BOOKMARK [1][-]{section.6.2}{\376\377\000L\000i\000m\000i\000t\000a\000t\000i\000o\000n\000s}{chapter.6}% 57
\BOOKMARK [1][-]{section.6.3}{\376\377\000F\000u\000t\000u\000r\000e\000\040\000W\000o\000r\000k}{chapter.6}% 58
\BOOKMARK [2][-]{subsection.6.3.1}{\376\377\000E\000n\000d\000-\000t\000o\000-\000E\000n\000d\000\040\000G\000e\000n\000e\000r\000a\000t\000i\000o\000n}{section.6.3}% 59
\BOOKMARK [2][-]{subsection.6.3.2}{\376\377\000H\000i\000e\000r\000a\000r\000c\000h\000i\000c\000a\000l\000\040\000E\000n\000c\000o\000d\000e\000r\000s}{section.6.3}% 60
\BOOKMARK [2][-]{subsection.6.3.3}{\376\377\000M\000u\000l\000t\000i\000m\000o\000d\000a\000l\000\040\000P\000r\000e\000-\000t\000r\000a\000i\000n\000i\000n\000g}{section.6.3}% 61
\BOOKMARK [2][-]{subsection.6.3.4}{\376\377\000I\000n\000t\000e\000r\000a\000c\000t\000i\000v\000e\000\040\000E\000d\000i\000t\000i\000n\000g}{section.6.3}% 62
\BOOKMARK [2][-]{subsection.6.3.5}{\376\377\000C\000r\000o\000s\000s\000-\000D\000o\000m\000a\000i\000n\000\040\000T\000r\000a\000n\000s\000f\000e\000r}{section.6.3}% 63
